<?xml version="1.0" encoding="UTF-8"?>
<testng-results ignored="0" total="1" passed="1" failed="0" skipped="0">
  <reporter-output>
  </reporter-output>
  <suite started-at="2022-07-05T12:47:49 CDT" name="Default suite" finished-at="2022-07-05T12:47:50 CDT" duration-ms="156">
    <groups>
    </groups>
    <test started-at="2022-07-05T12:47:49 CDT" name="Default test" finished-at="2022-07-05T12:47:50 CDT" duration-ms="156">
      <class name="com.test.junitdemo.AppTest">
        <test-method signature="runAllTests()[pri:0, instance:com.test.junitdemo.AppTest@49c386c8]" started-at="2022-07-05T12:47:49 CDT" name="runAllTests" finished-at="2022-07-05T12:47:50 CDT" duration-ms="109" status="PASS">
          <reporter-output>
          </reporter-output>
        </test-method> <!-- runAllTests -->
      </class> <!-- com.test.junitdemo.AppTest -->
    </test> <!-- Default test -->
  </suite> <!-- Default suite -->
</testng-results>
